2017-08-04 14:10:30.409828: W tensorflow/core/platform/cpu_feature_guard.cc:45] The TensorFlow library wasn't compiled to use SSE4.1 instructions, but these are available on your machine and could speed up CPU computations.
2017-08-04 14:10:30.409861: W tensorflow/core/platform/cpu_feature_guard.cc:45] The TensorFlow library wasn't compiled to use SSE4.2 instructions, but these are available on your machine and could speed up CPU computations.
2017-08-04 14:10:30.409865: W tensorflow/core/platform/cpu_feature_guard.cc:45] The TensorFlow library wasn't compiled to use AVX instructions, but these are available on your machine and could speed up CPU computations.
2017-08-04 14:10:30.409867: W tensorflow/core/platform/cpu_feature_guard.cc:45] The TensorFlow library wasn't compiled to use AVX2 instructions, but these are available on your machine and could speed up CPU computations.
2017-08-04 14:10:30.409870: W tensorflow/core/platform/cpu_feature_guard.cc:45] The TensorFlow library wasn't compiled to use FMA instructions, but these are available on your machine and could speed up CPU computations.
2017-08-04 14:10:30.445877: I tensorflow/stream_executor/cuda/cuda_gpu_executor.cc:893] successful NUMA node read from SysFS had negative value (-1), but there must be at least one NUMA node, so returning NUMA node zero
2017-08-04 14:10:30.446044: I tensorflow/core/common_runtime/gpu/gpu_device.cc:940] Found device 0 with properties: 
name: GeForce GTX 770
major: 3 minor: 0 memoryClockRate (GHz) 1.163
pciBusID 0000:01:00.0
Total memory: 1.95GiB
Free memory: 1.70GiB
2017-08-04 14:10:30.446054: I tensorflow/core/common_runtime/gpu/gpu_device.cc:961] DMA: 0 
2017-08-04 14:10:30.446057: I tensorflow/core/common_runtime/gpu/gpu_device.cc:971] 0:   Y 
2017-08-04 14:10:30.446062: I tensorflow/core/common_runtime/gpu/gpu_device.cc:1030] Creating TensorFlow device (/gpu:0) -> (device: 0, name: GeForce GTX 770, pci bus id: 0000:01:00.0)
2017-08-04 14:10:32.465262: I tensorflow/core/common_runtime/gpu/pool_allocator.cc:247] PoolAllocator: After 6529 get requests, put_count=4376 evicted_count=1000 eviction_rate=0.228519 and unsatisfied allocation rate=0.498239
2017-08-04 14:10:32.465295: I tensorflow/core/common_runtime/gpu/pool_allocator.cc:259] Raising pool_size_limit_ from 100 to 110
GloVe
Dataset
Vocabulary of 130146 words (adaptable: 102)
['?', 'the', 'What', 'I', 'is', 'a', 'to', 'How', 'in', 'of', 'do', 'are', 'and', 'for', ',', 'you', 'can', 'Why', 'best', 'it', 'my', 'on', 'Is', 'does', '.', 'be', 'or', 'some', 'that', "'s", 'have', 'get', 'with', 'an', 'Which', 'from', 'your', 'should', 'India', 'if', 'people', 'Can', ')', '(', 'like', 'good', 'at', 'there', "n't", 'as', 'about', 'would', 'not', 'will', 'between', 'when', 'what', 'one', 'most', '``', "''", 'how', 'make', 'Quora', 'we', 'way', 'by', 'did', 'If', 'Who', 'me', 'any', 'Do', 'so', 'they', 'life', 'was', 'this', 'money', 'after', 'Where', 'time', ':', 'know', 'difference', 'learn', 'much', 'use', 'Does', 'someone', 'their', 'am', 'think', 'has', 'many', 'why', 'than', 'more', 'Are', 'all']
Dataset loaded
RunID: para-gran--62dd2e4660e3be3a  ({"Ddim": "1", "Dinit": "glorot_uniform", "balance_class": "False", "batch_size": "32", "e_add_flags": "True", "embdim": "300", "embicase": "False", "embprune": "100", "epoch_fract": "1", "epochs": "16", "f_add_kw": "False", "fix_layers": "[]", "inp_e_dropout": "0.3333333333333333", "inp_w_dropout": "0", "l2reg": "1e-05", "loss": "binary_crossentropy", "mlpsum": "sum", "nb_epoch": "32", "nb_runs": "1", "opt": "adam", "prescoring": "None", "prescoring_input": "None", "prescoring_prune": "None", "ptscorer": "<function mlp_ptscorer at 0x7fbfe949e598>"})
Model
Training
Epoch 1/16
     3/363915 [..............................] - ETA: 113935s - loss: 0.69882017-08-04 14:10:33.075638: I tensorflow/core/common_runtime/gpu/pool_allocator.cc:247] PoolAllocator: After 1337 get requests, put_count=2311 evicted_count=1000 eviction_rate=0.432713 and unsatisfied allocation rate=0.0336574
2017-08-04 14:10:33.075664: I tensorflow/core/common_runtime/gpu/pool_allocator.cc:259] Raising pool_size_limit_ from 212 to 233
     6/363915 [..............................] - ETA: 90940s - loss: 0.67022017-08-04 14:10:33.684795: I tensorflow/core/common_runtime/gpu/pool_allocator.cc:247] PoolAllocator: After 384 get requests, put_count=1420 evicted_count=1000 eviction_rate=0.704225 and unsatisfied allocation rate=0.00260417
2017-08-04 14:10:33.684820: I tensorflow/core/common_runtime/gpu/pool_allocator.cc:259] Raising pool_size_limit_ from 409 to 449
    10/363915 [..............................] - ETA: 81926s - loss: 0.66622017-08-04 14:10:34.427914: I tensorflow/core/common_runtime/gpu/pool_allocator.cc:247] PoolAllocator: After 417 get requests, put_count=1496 evicted_count=1000 eviction_rate=0.668449 and unsatisfied allocation rate=0
    15/363915 [..............................] - ETA: 77468s - loss: 0.68582017-08-04 14:10:35.380774: I tensorflow/core/common_runtime/gpu/pool_allocator.cc:247] PoolAllocator: After 436 get requests, put_count=1575 evicted_count=1000 eviction_rate=0.634921 and unsatisfied allocation rate=0.00229358
2017-08-04 14:10:35.380800: I tensorflow/core/common_runtime/gpu/pool_allocator.cc:259] Raising pool_size_limit_ from 1540 to 1694
363914/363915 [============================>.] - ETA: 0s - loss: 0.4344           val acc 0.811158    val f1 0.765479
363915/363915 [==============================] - 67596s - loss: 0.4344 
Epoch 2/16
363914/363915 [============================>.] - ETA: 0s - loss: 0.4227           val acc 0.803838    val f1 0.767663
363915/363915 [==============================] - 67584s - loss: 0.4227 
Epoch 3/16
363914/363915 [============================>.] - ETA: 0s - loss: 0.4179           val acc 0.826714    val f1 0.762644
363915/363915 [==============================] - 67598s - loss: 0.4179 
Epoch 4/16
363914/363915 [============================>.] - ETA: 0s - loss: 0.4124           val acc 0.830869    val f1 0.773581
363915/363915 [==============================] - 67757s - loss: 0.4124 
Epoch 5/16
363914/363915 [============================>.] - ETA: 0s - loss: 0.4101           val acc 0.827085    val f1 0.778173
363915/363915 [==============================] - 67780s - loss: 0.4101 
Epoch 6/16
363914/363915 [============================>.] - ETA: 0s - loss: 0.4090           val acc 0.827035    val f1 0.775618
363915/363915 [==============================] - 67808s - loss: 0.4090 
Epoch 7/16
363914/363915 [============================>.] - ETA: 0s - loss: 0.4083           val acc 0.830275    val f1 0.780952
363915/363915 [==============================] - 67597s - loss: 0.4083 
Epoch 8/16
363914/363915 [============================>.] - ETA: 0s - loss: 0.4079           val acc 0.832253    val f1 0.769920
363915/363915 [==============================] - 67671s - loss: 0.4079 
Epoch 9/16
363914/363915 [============================>.] - ETA: 0s - loss: 0.4069           val acc 0.822609    val f1 0.779054
363915/363915 [==============================] - 67644s - loss: 0.4069 
Epoch 10/16
363914/363915 [============================>.] - ETA: 0s - loss: 0.4066           val acc 0.831239    val f1 0.776745
363915/363915 [==============================] - 67670s - loss: 0.4066 
Epoch 11/16
363914/363915 [============================>.] - ETA: 0s - loss: 0.4062           val acc 0.827258    val f1 0.781329
363915/363915 [==============================] - 67654s - loss: 0.4062 
Epoch 12/16
363914/363915 [============================>.] - ETA: 0s - loss: 0.4056           val acc 0.826491    val f1 0.776276
363915/363915 [==============================] - 67666s - loss: 0.4056 Using TensorFlow backend.

Predict&Eval (best val epoch)
data/question-pairs-dataset/train.csv Accuracy: raw 0.862034 (y=0 0.887898, y=1 0.817974), bal 0.852936;  F-Score: 0.814332
data/question-pairs-dataset/test.csv Accuracy: raw 0.832253 (y=0 0.866612, y=1 0.772093), bal 0.819353;  F-Score: 0.769920

